

CmdLine:	C:\Users\tyler\Documents\GitHub\ResourceReview\target\ResourceReview.exe --l4j-debug
WOW64:		yes
Check launcher:	 (n/a)
64-bit search:	SOFTWARE\JavaSoft\Java Runtime Environment...
Match:		SOFTWARE\JavaSoft\Java Runtime Environment\1.8
Match:		SOFTWARE\JavaSoft\Java Runtime Environment\1.8.0_261
Using 64-bit runtime.
64-bit search:	SOFTWARE\JavaSoft\Java Development Kit...
Ignore:		SOFTWARE\JavaSoft\Java Development Kit\1.8
Ignore:		SOFTWARE\JavaSoft\Java Development Kit\1.8.0_261
Using 64-bit runtime.
Check launcher:	C:\Program Files\Java\jre1.8.0_261\bin\javaw.exe (OK)
Heap -Xms:	512 MB / 0%, Free: 2047 MB, Heap size: 512 MB
Heap -Xmx:	1024 MB / 0%, Free: 2047 MB, Heap size: 1024 MB
Add classpath:	poi-3.15.jar
Add classpath:	commons-codec-1.10.jar
Add classpath:	commons-collections4-4.1.jar
Add classpath:	poi-ooxml-3.15.jar
Add classpath:	poi-ooxml-schemas-3.15.jar
Add classpath:	xmlbeans-2.6.0.jar
Add classpath:	stax-api-1.0.1.jar
Add classpath:	curvesapi-1.04.jar
Add classpath:	jakarta.mail-1.6.3.jar
Add classpath:	jakarta.activation-1.2.1.jar
Launcher:	C:\Program Files\Java\jre1.8.0_261\bin\javaw.exe
Launcher args:	-Xms512m -Xmx1024m -classpath "C:\Users\tyler\Documents\GitHub\ResourceReview\target\ResourceReview.exe;poi-3.15.jar;commons-codec-1.10.jar;commons-collections4-4.1.jar;poi-ooxml-3.15.jar;poi-ooxml-schemas-3.15.jar;xmlbeans-2.6.0.jar;stax-api-1.0.1.jar;curvesapi-1.04.jar;jakarta.mail-1.6.3.jar;jakarta.activation-1.2.1.jar" GUI.MainGUI
Args length:	336/32768 chars
Exit code:	0


Version:	3.14
CmdLine:	C:\Users\tyler\Documents\GitHub\ResourceReview\target\ResourceReview.exe --l4j-debug
WOW64:		yes
Create mutex:	OneWinowOnly
Working dir:	C:\Users\tyler\Documents\GitHub\ResourceReview\target\.
Java min ver:	1.008.000_111
Java max ver:	1.009.000
64-bit search:	SOFTWARE\JavaSoft\Java Runtime Environment...
Check:		SOFTWARE\JavaSoft\Java Runtime Environment\1.8
Ignore:		1.008.000
Check:		SOFTWARE\JavaSoft\Java Runtime Environment\1.8.0_261
Check launcher:	C:\Program Files\Java\jre1.8.0_261\bin\javaw.exe (OK)
Match:		1.008.000_261
64-bit search:	SOFTWARE\JavaSoft\Java Development Kit...
Check:		SOFTWARE\JavaSoft\Java Development Kit\1.8
Ignore:		1.008.000
Check:		SOFTWARE\JavaSoft\Java Development Kit\1.8.0_261
Ignore:		1.008.000_261
64-bit search:	SOFTWARE\JavaSoft\JRE...
64-bit search:	SOFTWARE\JavaSoft\JDK...
Check:		SOFTWARE\JavaSoft\JDK\16.0.1
Ignore:		1.016.000_001
Runtime used:	1.008.000_261 (64-bit)
Main class:	GUI.MainGUI
Add classpath:	GUI.MainGUI
Launcher:	C:\Program Files\Java\jre1.8.0_261\bin\javaw.exe
Launcher args:	-classpath "C:\Users\tyler\Documents\GitHub\ResourceReview\target\ResourceReview.exe;GUI.MainGUI" GUI.MainGUI
Args length:	109/32768 chars
Exit code:	0


Version:	3.14
CmdLine:	C:\Users\tyler\Documents\GitHub\ResourceReview\target\ResourceReview.exe --l4j-debug
WOW64:		yes
Create mutex:	OneWinowOnly
Working dir:	C:\Users\tyler\Documents\GitHub\ResourceReview\target\.
Java min ver:	1.008.000_111
Java max ver:	1.009.000
64-bit search:	SOFTWARE\JavaSoft\Java Runtime Environment...
Check:		SOFTWARE\JavaSoft\Java Runtime Environment\1.8
Ignore:		1.008.000
Check:		SOFTWARE\JavaSoft\Java Runtime Environment\1.8.0_261
Check launcher:	C:\Program Files\Java\jre1.8.0_261\bin\javaw.exe (OK)
Match:		1.008.000_261
64-bit search:	SOFTWARE\JavaSoft\Java Development Kit...
Check:		SOFTWARE\JavaSoft\Java Development Kit\1.8
Ignore:		1.008.000
Check:		SOFTWARE\JavaSoft\Java Development Kit\1.8.0_261
Ignore:		1.008.000_261
64-bit search:	SOFTWARE\JavaSoft\JRE...
64-bit search:	SOFTWARE\JavaSoft\JDK...
Check:		SOFTWARE\JavaSoft\JDK\16.0.1
Ignore:		1.016.000_001
Runtime used:	1.008.000_261 (64-bit)
Main class:	GUI.MainGUI
Add classpath:	GUI.MainGUI
Launcher:	C:\Program Files\Java\jre1.8.0_261\bin\javaw.exe
Launcher args:	-classpath "C:\Users\tyler\Documents\GitHub\ResourceReview\target\ResourceReview.exe;GUI.MainGUI" GUI.MainGUI
Args length:	109/32768 chars
Exit code:	0


Version:	3.14
CmdLine:	C:\Users\tyler\Documents\GitHub\ResourceReview\target\ResourceReview.exe --l4j-debug
WOW64:		yes
Create mutex:	OneWinowOnly
Working dir:	C:\Users\tyler\Documents\GitHub\ResourceReview\target\.
Java min ver:	1.008.000_111
Java max ver:	1.009.000
64-bit search:	SOFTWARE\JavaSoft\Java Runtime Environment...
Check:		SOFTWARE\JavaSoft\Java Runtime Environment\1.8
Ignore:		1.008.000
Check:		SOFTWARE\JavaSoft\Java Runtime Environment\1.8.0_261
Check launcher:	C:\Program Files\Java\jre1.8.0_261\bin\javaw.exe (OK)
Match:		1.008.000_261
64-bit search:	SOFTWARE\JavaSoft\Java Development Kit...
Check:		SOFTWARE\JavaSoft\Java Development Kit\1.8
Ignore:		1.008.000
Check:		SOFTWARE\JavaSoft\Java Development Kit\1.8.0_261
Ignore:		1.008.000_261
64-bit search:	SOFTWARE\JavaSoft\JRE...
64-bit search:	SOFTWARE\JavaSoft\JDK...
Check:		SOFTWARE\JavaSoft\JDK\16.0.1
Ignore:		1.016.000_001
Runtime used:	1.008.000_261 (64-bit)
Main class:	GUI.MainGUI
Add classpath:	GUI.MainGUI
Launcher:	C:\Program Files\Java\jre1.8.0_261\bin\javaw.exe
Launcher args:	-classpath "C:\Users\tyler\Documents\GitHub\ResourceReview\target\ResourceReview.exe;GUI.MainGUI" GUI.MainGUI
Args length:	109/32768 chars
Exit code:	0


Version:	3.14
CmdLine:	C:\Users\tyler\Documents\GitHub\ResourceReview\target\ResourceReview.exe --l4j-debug
WOW64:		yes
Working dir:	C:\Users\tyler\Documents\GitHub\ResourceReview\target\.
Java min ver:	1.008.000_111
Java max ver:	1.009.000
64-bit search:	SOFTWARE\JavaSoft\Java Runtime Environment...
Check:		SOFTWARE\JavaSoft\Java Runtime Environment\1.8
Ignore:		1.008.000
Check:		SOFTWARE\JavaSoft\Java Runtime Environment\1.8.0_261
Check launcher:	C:\Program Files\Java\jre1.8.0_261\bin\javaw.exe (OK)
Match:		1.008.000_261
64-bit search:	SOFTWARE\JavaSoft\Java Development Kit...
Check:		SOFTWARE\JavaSoft\Java Development Kit\1.8
Ignore:		1.008.000
Check:		SOFTWARE\JavaSoft\Java Development Kit\1.8.0_261
Ignore:		1.008.000_261
64-bit search:	SOFTWARE\JavaSoft\JRE...
64-bit search:	SOFTWARE\JavaSoft\JDK...
Check:		SOFTWARE\JavaSoft\JDK\16.0.1
Ignore:		1.016.000_001
Runtime used:	1.008.000_261 (64-bit)
Launcher:	C:\Program Files\Java\jre1.8.0_261\bin\javaw.exe
Launcher args:	-jar "C:\Users\tyler\Documents\GitHub\ResourceReview\target\ResourceReview.exe"
Args length:	79/32768 chars
Exit code:	0


Version:	3.14
CmdLine:	C:\Users\tyler\Documents\GitHub\ResourceReview\target\ResourceReview.exe --l4j-debug
WOW64:		yes
Working dir:	C:\Users\tyler\Documents\GitHub\ResourceReview\target\.
Java min ver:	1.008.000_111
Java max ver:	1.009.000
64-bit search:	SOFTWARE\JavaSoft\Java Runtime Environment...
Check:		SOFTWARE\JavaSoft\Java Runtime Environment\1.8
Ignore:		1.008.000
Check:		SOFTWARE\JavaSoft\Java Runtime Environment\1.8.0_261
Check launcher:	C:\Program Files\Java\jre1.8.0_261\bin\javaw.exe (OK)
Match:		1.008.000_261
64-bit search:	SOFTWARE\JavaSoft\Java Development Kit...
Check:		SOFTWARE\JavaSoft\Java Development Kit\1.8
Ignore:		1.008.000
Check:		SOFTWARE\JavaSoft\Java Development Kit\1.8.0_261
Ignore:		1.008.000_261
64-bit search:	SOFTWARE\JavaSoft\JRE...
64-bit search:	SOFTWARE\JavaSoft\JDK...
Check:		SOFTWARE\JavaSoft\JDK\16.0.1
Ignore:		1.016.000_001
Runtime used:	1.008.000_261 (64-bit)
Launcher:	C:\Program Files\Java\jre1.8.0_261\bin\javaw.exe
Launcher args:	-jar "C:\Users\tyler\Documents\GitHub\ResourceReview\target\ResourceReview.exe"
Args length:	79/32768 chars
Exit code:	0


Version:	3.14
CmdLine:	C:\Users\tyler\Documents\GitHub\ResourceReview\target\ResourceReview.exe --l4j-debug
WOW64:		yes
Create mutex:	OneWinowOnly
Working dir:	C:\Users\tyler\Documents\GitHub\ResourceReview\target\.
Java min ver:	1.008.000_111
Java max ver:	1.009.000
64-bit search:	SOFTWARE\JavaSoft\Java Runtime Environment...
Check:		SOFTWARE\JavaSoft\Java Runtime Environment\1.8
Ignore:		1.008.000
Check:		SOFTWARE\JavaSoft\Java Runtime Environment\1.8.0_261
Check launcher:	C:\Program Files\Java\jre1.8.0_261\bin\javaw.exe (OK)
Match:		1.008.000_261
64-bit search:	SOFTWARE\JavaSoft\Java Development Kit...
Check:		SOFTWARE\JavaSoft\Java Development Kit\1.8
Ignore:		1.008.000
Check:		SOFTWARE\JavaSoft\Java Development Kit\1.8.0_261
Ignore:		1.008.000_261
64-bit search:	SOFTWARE\JavaSoft\JRE...
64-bit search:	SOFTWARE\JavaSoft\JDK...
Check:		SOFTWARE\JavaSoft\JDK\16.0.1
Ignore:		1.016.000_001
Runtime used:	1.008.000_261 (64-bit)
Main class:	GUI.MainGUI
Add classpath:	GUI.MainGUI
Launcher:	C:\Program Files\Java\jre1.8.0_261\bin\javaw.exe
Launcher args:	-classpath "C:\Users\tyler\Documents\GitHub\ResourceReview\target\ResourceReview.exe;GUI.MainGUI" GUI.MainGUI
Args length:	109/32768 chars
Exit code:	0


Version:	3.14
CmdLine:	C:\Users\tyler\Documents\GitHub\ResourceReview\target\ResourceReview.exe --l4j-debug
WOW64:		yes
Create mutex:	OneWinowOnly
Working dir:	C:\Users\tyler\Documents\GitHub\ResourceReview\target\.
Java min ver:	1.008.000_111
Java max ver:	1.009.000
64-bit search:	SOFTWARE\JavaSoft\Java Runtime Environment...
Check:		SOFTWARE\JavaSoft\Java Runtime Environment\1.8
Ignore:		1.008.000
Check:		SOFTWARE\JavaSoft\Java Runtime Environment\1.8.0_261
Check launcher:	C:\Program Files\Java\jre1.8.0_261\bin\javaw.exe (OK)
Match:		1.008.000_261
64-bit search:	SOFTWARE\JavaSoft\Java Development Kit...
Check:		SOFTWARE\JavaSoft\Java Development Kit\1.8
Ignore:		1.008.000
Check:		SOFTWARE\JavaSoft\Java Development Kit\1.8.0_261
Ignore:		1.008.000_261
64-bit search:	SOFTWARE\JavaSoft\JRE...
64-bit search:	SOFTWARE\JavaSoft\JDK...
Check:		SOFTWARE\JavaSoft\JDK\16.0.1
Ignore:		1.016.000_001
Runtime used:	1.008.000_261 (64-bit)
Main class:	GUI.MainGUI
Add classpath:	GUI.MainGUI
Launcher:	C:\Program Files\Java\jre1.8.0_261\bin\javaw.exe
Launcher args:	-classpath "C:\Users\tyler\Documents\GitHub\ResourceReview\target\ResourceReview.exe;GUI.MainGUI" GUI.MainGUI
Args length:	109/32768 chars
Exit code:	0


Version:	3.14
CmdLine:	C:\Users\tyler\Documents\GitHub\ResourceReview\target\ResourceReview.exe --l4j-debug
WOW64:		yes
Create mutex:	OneWinowOnly
Working dir:	C:\Users\tyler\Documents\GitHub\ResourceReview\target\.
Java min ver:	1.008.000_111
Java max ver:	1.009.000
64-bit search:	SOFTWARE\JavaSoft\Java Runtime Environment...
Check:		SOFTWARE\JavaSoft\Java Runtime Environment\1.8
Ignore:		1.008.000
Check:		SOFTWARE\JavaSoft\Java Runtime Environment\1.8.0_261
Check launcher:	C:\Program Files\Java\jre1.8.0_261\bin\javaw.exe (OK)
Match:		1.008.000_261
64-bit search:	SOFTWARE\JavaSoft\Java Development Kit...
Check:		SOFTWARE\JavaSoft\Java Development Kit\1.8
Ignore:		1.008.000
Check:		SOFTWARE\JavaSoft\Java Development Kit\1.8.0_261
Ignore:		1.008.000_261
64-bit search:	SOFTWARE\JavaSoft\JRE...
64-bit search:	SOFTWARE\JavaSoft\JDK...
Check:		SOFTWARE\JavaSoft\JDK\16.0.1
Ignore:		1.016.000_001
Runtime used:	1.008.000_261 (64-bit)
Main class:	GUI.MainGUI
Add classpath:	GUI.MainGUI
Launcher:	C:\Program Files\Java\jre1.8.0_261\bin\javaw.exe
Launcher args:	-classpath "C:\Users\tyler\Documents\GitHub\ResourceReview\target\ResourceReview.exe;GUI.MainGUI" GUI.MainGUI
Args length:	109/32768 chars
Exit code:	0
